::1 - - [23/Nov/2025:16:20:37 +0000] "POST /books HTTP/1.1" 404 14
::1 - - [23/Nov/2025:16:22:17 +0000] "POST /books HTTP/1.1" 400 44
::1 - - [23/Nov/2025:16:22:31 +0000] "POST /books HTTP/1.1" 400 11
::1 - - [23/Nov/2025:16:25:27 +0000] "POST /books HTTP/1.1" 201 -
::1 - - [23/Nov/2025:16:25:39 +0000] "POST /books HTTP/1.1" 201 -
::1 - - [23/Nov/2025:16:26:03 +0000] "GET /books HTTP/1.1" 200 267
::1 - - [23/Nov/2025:16:28:32 +0000] "DELETE /books?bookId=be59347a-95ee-4c8d-af54-5bb34f103a31%20 HTTP/1.1" 200 129
::1 - - [23/Nov/2025:16:46:55 +0000] "PATCH /api/books/pick?bookId=129a671f-da75-41e2-be1e-45c4ee15b92c%20 HTTP/1.1" 404 14
::1 - - [23/Nov/2025:16:47:03 +0000] "PATCH /books/pick?bookId=129a671f-da75-41e2-be1e-45c4ee15b92c%20 HTTP/1.1" 400 222
::1 - - [23/Nov/2025:16:58:24 +0000] "POST /users HTTP/1.1" 201 24
::1 - - [23/Nov/2025:17:00:14 +0000] "PATCH /books/pick?bookId=129a671f-da75-41e2-be1e-45c4ee15b92c%20 HTTP/1.1" 400 53
::1 - - [23/Nov/2025:17:03:33 +0000] "PATCH /books/pick?bookId=129a671f-da75-41e2-be1e-45c4ee15b92c%20 HTTP/1.1" 400 53
::1 - - [23/Nov/2025:17:03:36 +0000] "PATCH /books/pick?bookId=129a671f-da75-41e2-be1e-45c4ee15b92c%20 HTTP/1.1" 400 53
::1 - - [23/Nov/2025:17:03:38 +0000] "PATCH /books/pick?bookId=129a671f-da75-41e2-be1e-45c4ee15b92c%20 HTTP/1.1" 400 53
::1 - - [23/Nov/2025:17:09:18 +0000] "POST /users HTTP/1.1" 201 24
::1 - - [23/Nov/2025:17:09:41 +0000] "POST /users HTTP/1.1" 201 24
::1 - - [23/Nov/2025:17:12:49 +0000] "PATCH /books/pick?bookId=129a671f-da75-41e2-be1e-45c4ee15b92c%20 HTTP/1.1" 200 23
::1 - - [23/Nov/2025:17:18:07 +0000] "PATCH /api/books/return?bookId=129a671f-da75-41e2-be1e-45c4ee15b92c HTTP/1.1" 404 14
::1 - - [23/Nov/2025:17:18:35 +0000] "PATCH /books/return?bookId=129a671f-da75-41e2-be1e-45c4ee15b92c HTTP/1.1" 200 13
::1 - - [23/Nov/2025:17:20:10 +0000] "POST /users HTTP/1.1" 400 88
::1 - - [23/Nov/2025:17:20:14 +0000] "GET /users HTTP/1.1" 200 129
::1 - - [23/Nov/2025:17:23:41 +0000] "POST /books HTTP/1.1" 201 -
::1 - - [23/Nov/2025:17:24:03 +0000] "POST /books HTTP/1.1" 201 -
::1 - - [23/Nov/2025:17:24:16 +0000] "POST /books HTTP/1.1" 201 -
::1 - - [23/Nov/2025:17:24:47 +0000] "POST /users HTTP/1.1" 201 24
::1 - - [23/Nov/2025:17:24:56 +0000] "POST /users HTTP/1.1" 201 24
::1 - - [23/Nov/2025:17:25:02 +0000] "POST /users HTTP/1.1" 201 24
::1 - - [23/Nov/2025:17:25:07 +0000] "POST /users HTTP/1.1" 201 24
::1 - - [23/Nov/2025:17:25:13 +0000] "POST /users HTTP/1.1" 201 24
::1 - - [23/Nov/2025:17:25:19 +0000] "POST /users HTTP/1.1" 201 24
::1 - - [23/Nov/2025:17:25:57 +0000] "POST /books HTTP/1.1" 201 -
::1 - - [23/Nov/2025:17:26:04 +0000] "POST /books HTTP/1.1" 201 -
::1 - - [23/Nov/2025:17:26:10 +0000] "POST /books HTTP/1.1" 400 11
::1 - - [23/Nov/2025:17:26:15 +0000] "POST /books HTTP/1.1" 201 -
::1 - - [23/Nov/2025:17:26:20 +0000] "POST /books HTTP/1.1" 400 11
::1 - - [23/Nov/2025:17:26:26 +0000] "POST /books HTTP/1.1" 400 11
::1 - - [23/Nov/2025:17:26:32 +0000] "POST /books HTTP/1.1" 400 11
::1 - - [23/Nov/2025:17:26:40 +0000] "POST /books HTTP/1.1" 400 11
::1 - - [23/Nov/2025:17:26:45 +0000] "POST /books HTTP/1.1" 400 11
::1 - - [23/Nov/2025:17:26:49 +0000] "POST /books HTTP/1.1" 400 11
::1 - - [23/Nov/2025:17:27:28 +0000] "POST /books HTTP/1.1" 201 -
::1 - - [23/Nov/2025:17:27:33 +0000] "POST /books HTTP/1.1" 201 -
::1 - - [23/Nov/2025:17:27:36 +0000] "POST /books HTTP/1.1" 201 -
::1 - - [23/Nov/2025:17:27:41 +0000] "POST /books HTTP/1.1" 201 -
::1 - - [23/Nov/2025:17:27:46 +0000] "POST /books HTTP/1.1" 201 -
::1 - - [23/Nov/2025:17:27:54 +0000] "POST /books HTTP/1.1" 201 -
::1 - - [23/Nov/2025:17:28:00 +0000] "POST /books HTTP/1.1" 201 -
::1 - - [23/Nov/2025:17:28:03 +0000] "POST /books HTTP/1.1" 201 -
::1 - - [23/Nov/2025:17:28:10 +0000] "POST /books HTTP/1.1" 201 -
::1 - - [23/Nov/2025:17:28:16 +0000] "POST /books HTTP/1.1" 201 -
::1 - - [23/Nov/2025:17:30:51 +0000] "GET /books/author?author=Ernest%20Hemingwa HTTP/1.1" 200 158
::1 - - [23/Nov/2025:17:31:00 +0000] "GET /users HTTP/1.1" 200 495
::1 - - [23/Nov/2025:17:53:06 +0000] "POST /users HTTP/1.1" 400 48
::1 - - [23/Nov/2025:17:53:15 +0000] "POST /users HTTP/1.1" 400 48
::1 - - [23/Nov/2025:17:56:00 +0000] "POST /users HTTP/1.1" 400 72
::1 - - [23/Nov/2025:19:48:43 +0000] "GET /users/books HTTP/1.1" 404 14
::1 - - [23/Nov/2025:19:49:29 +0000] "GET /users HTTP/1.1" 200 495
::1 - - [23/Nov/2025:19:49:52 +0000] "GET /users/books HTTP/1.1" 404 14
::1 - - [23/Nov/2025:19:50:40 +0000] "GET /books HTTP/1.1" 200 2527
::1 - - [23/Nov/2025:19:51:07 +0000] "GET /users HTTP/1.1" 200 495
::1 - - [23/Nov/2025:19:51:39 +0000] "PATCH /books/pick?bookId=129a671f-da75-41e2-be1e-45c4ee15b92c HTTP/1.1" 200 19
::1 - - [23/Nov/2025:19:51:48 +0000] "GET /books HTTP/1.1" 200 2526
::1 - - [23/Nov/2025:19:51:54 +0000] "GET /users/books HTTP/1.1" 404 14
::1 - - [23/Nov/2025:19:53:59 +0000] "GET /users/books HTTP/1.1" 200 216
